=== DIAG START 2026-06-10T15:03:26.138Z ===
POST 200 convSId=dwV6NZM4zq
[1] t+15s GET 200 bodyBytes=13316
   msgTypes=[user_message,agent_message] agentMsgCount=1 lastStatus=created
   AM#0 status=created contentLen=174 actions=run_agent:macro_research_collector__run_macro_research_collector=running
[2] t+30s GET 200 bodyBytes=13316
   msgTypes=[user_message,agent_message] agentMsgCount=1 lastStatus=created
   AM#0 status=created contentLen=174 actions=run_agent:macro_research_collector__run_macro_research_collector=running
[3] t+45s GET 200 bodyBytes=13316
   msgTypes=[user_message,agent_message] agentMsgCount=1 lastStatus=created
   AM#0 status=created contentLen=174 actions=run_agent:macro_research_collector__run_macro_research_collector=running
[4] t+61s GET 200 bodyBytes=13316
   msgTypes=[user_message,agent_message] agentMsgCount=1 lastStatus=created
   AM#0 status=created contentLen=174 actions=run_agent:macro_research_collector__run_macro_research_collector=running
[5] t+76s GET 200 bodyBytes=13316
   msgTypes=[user_message,agent_message] agentMsgCount=1 lastStatus=created
   AM#0 status=created contentLen=174 actions=run_agent:macro_research_collector__run_macro_research_collector=running
[6] t+91s GET 200 bodyBytes=13316
   msgTypes=[user_message,agent_message] agentMsgCount=1 lastStatus=created
   AM#0 status=created contentLen=174 actions=run_agent:macro_research_collector__run_macro_research_collector=running
[7] t+106s GET 200 bodyBytes=13316
   msgTypes=[user_message,agent_message] agentMsgCount=1 lastStatus=created
   AM#0 status=created contentLen=174 actions=run_agent:macro_research_collector__run_macro_research_collector=running
[8] t+122s GET 200 bodyBytes=13316
   msgTypes=[user_message,agent_message] agentMsgCount=1 lastStatus=created
   AM#0 status=created contentLen=174 actions=run_agent:macro_research_collector__run_macro_research_collector=running
[9] t+137s GET 200 bodyBytes=13316
   msgTypes=[user_message,agent_message] agentMsgCount=1 lastStatus=created
   AM#0 status=created contentLen=174 actions=run_agent:macro_research_collector__run_macro_research_collector=running
[10] t+152s GET 200 bodyBytes=13316
   msgTypes=[user_message,agent_message] agentMsgCount=1 lastStatus=created
   AM#0 status=created contentLen=174 actions=run_agent:macro_research_collector__run_macro_research_collector=running
[11] t+167s GET 200 bodyBytes=13316
   msgTypes=[user_message,agent_message] agentMsgCount=1 lastStatus=created
   AM#0 status=created contentLen=174 actions=run_agent:macro_research_collector__run_macro_research_collector=running
[12] t+182s GET 200 bodyBytes=13316
   msgTypes=[user_message,agent_message] agentMsgCount=1 lastStatus=created
   AM#0 status=created contentLen=174 actions=run_agent:macro_research_collector__run_macro_research_collector=running
[13] t+198s GET 200 bodyBytes=13316
   msgTypes=[user_message,agent_message] agentMsgCount=1 lastStatus=created
   AM#0 status=created contentLen=174 actions=run_agent:macro_research_collector__run_macro_research_collector=running
[14] t+213s GET 200 bodyBytes=13316
   msgTypes=[user_message,agent_message] agentMsgCount=1 lastStatus=created
   AM#0 status=created contentLen=174 actions=run_agent:macro_research_collector__run_macro_research_collector=running
[15] t+229s GET 200 bodyBytes=13316
   msgTypes=[user_message,agent_message] agentMsgCount=1 lastStatus=created
   AM#0 status=created contentLen=174 actions=run_agent:macro_research_collector__run_macro_research_collector=running
[16] t+244s GET 200 bodyBytes=13316
   msgTypes=[user_message,agent_message] agentMsgCount=1 lastStatus=created
   AM#0 status=created contentLen=174 actions=run_agent:macro_research_collector__run_macro_research_collector=running
[17] t+259s GET 200 bodyBytes=13316
   msgTypes=[user_message,agent_message] agentMsgCount=1 lastStatus=created
   AM#0 status=created contentLen=174 actions=run_agent:macro_research_collector__run_macro_research_collector=running
[18] t+274s GET 200 bodyBytes=13316
   msgTypes=[user_message,agent_message] agentMsgCount=1 lastStatus=created
   AM#0 status=created contentLen=174 actions=run_agent:macro_research_collector__run_macro_research_collector=running
=== RESUME 2026-06-10T15:09:15.937Z conv=dwV6NZM4zq ===
[R1] t+15s bytes=13316 agentMsgs=1 lastStatus=created
   AM#0 status=created contentLen=174 actions=run_agent:macro_research_collector__run_macro_rese=running
[R2] t+31s bytes=13316 agentMsgs=1 lastStatus=created
   AM#0 status=created contentLen=174 actions=run_agent:macro_research_collector__run_macro_rese=running
[R3] t+48s bytes=13316 agentMsgs=1 lastStatus=created
   AM#0 status=created contentLen=174 actions=run_agent:macro_research_collector__run_macro_rese=running
[R4] t+63s bytes=13316 agentMsgs=1 lastStatus=created
   AM#0 status=created contentLen=174 actions=run_agent:macro_research_collector__run_macro_rese=running
[R5] t+78s bytes=13316 agentMsgs=1 lastStatus=created
   AM#0 status=created contentLen=174 actions=run_agent:macro_research_collector__run_macro_rese=running
[R6] t+94s bytes=13316 agentMsgs=1 lastStatus=created
   AM#0 status=created contentLen=174 actions=run_agent:macro_research_collector__run_macro_rese=running
[R7] t+109s bytes=13316 agentMsgs=1 lastStatus=created
   AM#0 status=created contentLen=174 actions=run_agent:macro_research_collector__run_macro_rese=running
[R8] t+124s bytes=13316 agentMsgs=1 lastStatus=created
   AM#0 status=created contentLen=174 actions=run_agent:macro_research_collector__run_macro_rese=running
[R9] t+139s bytes=13316 agentMsgs=1 lastStatus=created
   AM#0 status=created contentLen=174 actions=run_agent:macro_research_collector__run_macro_rese=running
[R10] t+155s bytes=13316 agentMsgs=1 lastStatus=created
   AM#0 status=created contentLen=174 actions=run_agent:macro_research_collector__run_macro_rese=running
[R11] t+170s bytes=67146 agentMsgs=1 lastStatus=created
   AM#0 status=created contentLen=174 actions=run_agent:macro_research_collector__run_macro_rese=succeeded
[R12] t+185s bytes=79466 agentMsgs=1 lastStatus=created
   AM#0 status=created contentLen=121 actions=run_agent:macro_research_collector__run_macro_rese=succeeded ; run_agent:comparative_synthesis_agent__run_compara=running
[R13] t+200s bytes=79466 agentMsgs=1 lastStatus=created
   AM#0 status=created contentLen=121 actions=run_agent:macro_research_collector__run_macro_rese=succeeded ; run_agent:comparative_synthesis_agent__run_compara=running
[R14] t+216s bytes=79466 agentMsgs=1 lastStatus=created
   AM#0 status=created contentLen=121 actions=run_agent:macro_research_collector__run_macro_rese=succeeded ; run_agent:comparative_synthesis_agent__run_compara=running
[R15] t+231s bytes=79466 agentMsgs=1 lastStatus=created
   AM#0 status=created contentLen=121 actions=run_agent:macro_research_collector__run_macro_rese=succeeded ; run_agent:comparative_synthesis_agent__run_compara=running
[R16] t+247s bytes=79466 agentMsgs=1 lastStatus=created
   AM#0 status=created contentLen=121 actions=run_agent:macro_research_collector__run_macro_rese=succeeded ; run_agent:comparative_synthesis_agent__run_compara=running
[R17] t+262s bytes=79466 agentMsgs=1 lastStatus=created
   AM#0 status=created contentLen=121 actions=run_agent:macro_research_collector__run_macro_rese=succeeded ; run_agent:comparative_synthesis_agent__run_compara=running
[R18] t+278s bytes=79466 agentMsgs=1 lastStatus=created
   AM#0 status=created contentLen=121 actions=run_agent:macro_research_collector__run_macro_rese=succeeded ; run_agent:comparative_synthesis_agent__run_compara=running
[R19] t+293s bytes=79466 agentMsgs=1 lastStatus=created
   AM#0 status=created contentLen=121 actions=run_agent:macro_research_collector__run_macro_rese=succeeded ; run_agent:comparative_synthesis_agent__run_compara=running
[R20] t+309s bytes=79466 agentMsgs=1 lastStatus=created
   AM#0 status=created contentLen=121 actions=run_agent:macro_research_collector__run_macro_rese=succeeded ; run_agent:comparative_synthesis_agent__run_compara=running
[R21] t+324s bytes=79466 agentMsgs=1 lastStatus=created
   AM#0 status=created contentLen=121 actions=run_agent:macro_research_collector__run_macro_rese=succeeded ; run_agent:comparative_synthesis_agent__run_compara=running
[R22] t+340s bytes=79466 agentMsgs=1 lastStatus=created
   AM#0 status=created contentLen=121 actions=run_agent:macro_research_collector__run_macro_rese=succeeded ; run_agent:comparative_synthesis_agent__run_compara=running
[R23] t+355s bytes=79466 agentMsgs=1 lastStatus=created
   AM#0 status=created contentLen=121 actions=run_agent:macro_research_collector__run_macro_rese=succeeded ; run_agent:comparative_synthesis_agent__run_compara=running
[R24] t+371s bytes=79466 agentMsgs=1 lastStatus=created
   AM#0 status=created contentLen=121 actions=run_agent:macro_research_collector__run_macro_rese=succeeded ; run_agent:comparative_synthesis_agent__run_compara=running
[R25] t+386s bytes=79466 agentMsgs=1 lastStatus=created
   AM#0 status=created contentLen=121 actions=run_agent:macro_research_collector__run_macro_rese=succeeded ; run_agent:comparative_synthesis_agent__run_compara=running
[R26] t+402s bytes=79466 agentMsgs=1 lastStatus=created
   AM#0 status=created contentLen=121 actions=run_agent:macro_research_collector__run_macro_rese=succeeded ; run_agent:comparative_synthesis_agent__run_compara=running
[R27] t+417s bytes=84893 agentMsgs=1 lastStatus=created
   AM#0 status=created contentLen=121 actions=run_agent:macro_research_collector__run_macro_rese=succeeded ; run_agent:comparative_synthesis_agent__run_compara=succeeded
[R28] t+432s bytes=87761 agentMsgs=1 lastStatus=created
   AM#0 status=created contentLen=171 actions=run_agent:macro_research_collector__run_macro_rese=succeeded ; run_agent:comparative_synthesis_agent__run_compara=succeeded ; skill_management:skill_management__enable_skill=succeeded
[R29] t+448s bytes=87761 agentMsgs=1 lastStatus=created
   AM#0 status=created contentLen=171 actions=run_agent:macro_research_collector__run_macro_rese=succeeded ; run_agent:comparative_synthesis_agent__run_compara=succeeded ; skill_management:skill_management__enable_skill=succeeded
[R30] t+464s bytes=98462 agentMsgs=1 lastStatus=created
   AM#0 status=created contentLen=171 actions=run_agent:macro_research_collector__run_macro_rese=succeeded ; run_agent:comparative_synthesis_agent__run_compara=succeeded ; skill_management:skill_management__enable_skill=succeeded ; run_agent:dashboard_generator_agent__run_dashboard=running
[R31] t+479s bytes=98462 agentMsgs=1 lastStatus=created
   AM#0 status=created contentLen=171 actions=run_agent:macro_research_collector__run_macro_rese=succeeded ; run_agent:comparative_synthesis_agent__run_compara=succeeded ; skill_management:skill_management__enable_skill=succeeded ; run_agent:dashboard_generator_agent__run_dashboard=running
[R32] t+494s bytes=98462 agentMsgs=1 lastStatus=created
   AM#0 status=created contentLen=171 actions=run_agent:macro_research_collector__run_macro_rese=succeeded ; run_agent:comparative_synthesis_agent__run_compara=succeeded ; skill_management:skill_management__enable_skill=succeeded ; run_agent:dashboard_generator_agent__run_dashboard=running
[R33] t+510s bytes=98462 agentMsgs=1 lastStatus=created
   AM#0 status=created contentLen=171 actions=run_agent:macro_research_collector__run_macro_rese=succeeded ; run_agent:comparative_synthesis_agent__run_compara=succeeded ; skill_management:skill_management__enable_skill=succeeded ; run_agent:dashboard_generator_agent__run_dashboard=running
[R34] t+525s bytes=98462 agentMsgs=1 lastStatus=created
   AM#0 status=created contentLen=171 actions=run_agent:macro_research_collector__run_macro_rese=succeeded ; run_agent:comparative_synthesis_agent__run_compara=succeeded ; skill_management:skill_management__enable_skill=succeeded ; run_agent:dashboard_generator_agent__run_dashboard=running
[R35] t+540s bytes=98462 agentMsgs=1 lastStatus=created
   AM#0 status=created contentLen=171 actions=run_agent:macro_research_collector__run_macro_rese=succeeded ; run_agent:comparative_synthesis_agent__run_compara=succeeded ; skill_management:skill_management__enable_skill=succeeded ; run_agent:dashboard_generator_agent__run_dashboard=running
[R36] t+556s bytes=98462 agentMsgs=1 lastStatus=created
   AM#0 status=created contentLen=171 actions=run_agent:macro_research_collector__run_macro_rese=succeeded ; run_agent:comparative_synthesis_agent__run_compara=succeeded ; skill_management:skill_management__enable_skill=succeeded ; run_agent:dashboard_generator_agent__run_dashboard=running
[R37] t+571s bytes=98462 agentMsgs=1 lastStatus=created
   AM#0 status=created contentLen=171 actions=run_agent:macro_research_collector__run_macro_rese=succeeded ; run_agent:comparative_synthesis_agent__run_compara=succeeded ; skill_management:skill_management__enable_skill=succeeded ; run_agent:dashboard_generator_agent__run_dashboard=running
[R38] t+586s bytes=98462 agentMsgs=1 lastStatus=created
   AM#0 status=created contentLen=171 actions=run_agent:macro_research_collector__run_macro_rese=succeeded ; run_agent:comparative_synthesis_agent__run_compara=succeeded ; skill_management:skill_management__enable_skill=succeeded ; run_agent:dashboard_generator_agent__run_dashboard=running
[R39] t+601s bytes=98462 agentMsgs=1 lastStatus=created
   AM#0 status=created contentLen=171 actions=run_agent:macro_research_collector__run_macro_rese=succeeded ; run_agent:comparative_synthesis_agent__run_compara=succeeded ; skill_management:skill_management__enable_skill=succeeded ; run_agent:dashboard_generator_agent__run_dashboard=running
[R40] t+616s bytes=98462 agentMsgs=1 lastStatus=created
   AM#0 status=created contentLen=171 actions=run_agent:macro_research_collector__run_macro_rese=succeeded ; run_agent:comparative_synthesis_agent__run_compara=succeeded ; skill_management:skill_management__enable_skill=succeeded ; run_agent:dashboard_generator_agent__run_dashboard=running
[R41] t+632s bytes=98462 agentMsgs=1 lastStatus=created
   AM#0 status=created contentLen=171 actions=run_agent:macro_research_collector__run_macro_rese=succeeded ; run_agent:comparative_synthesis_agent__run_compara=succeeded ; skill_management:skill_management__enable_skill=succeeded ; run_agent:dashboard_generator_agent__run_dashboard=running
[R42] t+647s bytes=98462 agentMsgs=1 lastStatus=created
   AM#0 status=created contentLen=171 actions=run_agent:macro_research_collector__run_macro_rese=succeeded ; run_agent:comparative_synthesis_agent__run_compara=succeeded ; skill_management:skill_management__enable_skill=succeeded ; run_agent:dashboard_generator_agent__run_dashboard=running
[R43] t+662s bytes=98462 agentMsgs=1 lastStatus=created
   AM#0 status=created contentLen=171 actions=run_agent:macro_research_collector__run_macro_rese=succeeded ; run_agent:comparative_synthesis_agent__run_compara=succeeded ; skill_management:skill_management__enable_skill=succeeded ; run_agent:dashboard_generator_agent__run_dashboard=running
[R44] t+678s bytes=98462 agentMsgs=1 lastStatus=created
   AM#0 status=created contentLen=171 actions=run_agent:macro_research_collector__run_macro_rese=succeeded ; run_agent:comparative_synthesis_agent__run_compara=succeeded ; skill_management:skill_management__enable_skill=succeeded ; run_agent:dashboard_generator_agent__run_dashboard=running
[R45] t+693s bytes=98462 agentMsgs=1 lastStatus=created
   AM#0 status=created contentLen=171 actions=run_agent:macro_research_collector__run_macro_rese=succeeded ; run_agent:comparative_synthesis_agent__run_compara=succeeded ; skill_management:skill_management__enable_skill=succeeded ; run_agent:dashboard_generator_agent__run_dashboard=running
[R46] t+708s bytes=98462 agentMsgs=1 lastStatus=created
   AM#0 status=created contentLen=171 actions=run_agent:macro_research_collector__run_macro_rese=succeeded ; run_agent:comparative_synthesis_agent__run_compara=succeeded ; skill_management:skill_management__enable_skill=succeeded ; run_agent:dashboard_generator_agent__run_dashboard=running
[R47] t+723s bytes=98462 agentMsgs=1 lastStatus=created
   AM#0 status=created contentLen=171 actions=run_agent:macro_research_collector__run_macro_rese=succeeded ; run_agent:comparative_synthesis_agent__run_compara=succeeded ; skill_management:skill_management__enable_skill=succeeded ; run_agent:dashboard_generator_agent__run_dashboard=running
[R48] t+739s bytes=98462 agentMsgs=1 lastStatus=created
   AM#0 status=created contentLen=171 actions=run_agent:macro_research_collector__run_macro_rese=succeeded ; run_agent:comparative_synthesis_agent__run_compara=succeeded ; skill_management:skill_management__enable_skill=succeeded ; run_agent:dashboard_generator_agent__run_dashboard=running
[R49] t+754s bytes=98462 agentMsgs=1 lastStatus=created
   AM#0 status=created contentLen=171 actions=run_agent:macro_research_collector__run_macro_rese=succeeded ; run_agent:comparative_synthesis_agent__run_compara=succeeded ; skill_management:skill_management__enable_skill=succeeded ; run_agent:dashboard_generator_agent__run_dashboard=running
[R50] t+769s bytes=98462 agentMsgs=1 lastStatus=created
   AM#0 status=created contentLen=171 actions=run_agent:macro_research_collector__run_macro_rese=succeeded ; run_agent:comparative_synthesis_agent__run_compara=succeeded ; skill_management:skill_management__enable_skill=succeeded ; run_agent:dashboard_generator_agent__run_dashboard=running
[R51] t+785s bytes=98462 agentMsgs=1 lastStatus=created
   AM#0 status=created contentLen=171 actions=run_agent:macro_research_collector__run_macro_rese=succeeded ; run_agent:comparative_synthesis_agent__run_compara=succeeded ; skill_management:skill_management__enable_skill=succeeded ; run_agent:dashboard_generator_agent__run_dashboard=running
[R52] t+800s bytes=98462 agentMsgs=1 lastStatus=created
   AM#0 status=created contentLen=171 actions=run_agent:macro_research_collector__run_macro_rese=succeeded ; run_agent:comparative_synthesis_agent__run_compara=succeeded ; skill_management:skill_management__enable_skill=succeeded ; run_agent:dashboard_generator_agent__run_dashboard=running
[R53] t+815s bytes=98462 agentMsgs=1 lastStatus=created
   AM#0 status=created contentLen=171 actions=run_agent:macro_research_collector__run_macro_rese=succeeded ; run_agent:comparative_synthesis_agent__run_compara=succeeded ; skill_management:skill_management__enable_skill=succeeded ; run_agent:dashboard_generator_agent__run_dashboard=running
[R54] t+830s bytes=98462 agentMsgs=1 lastStatus=created
   AM#0 status=created contentLen=171 actions=run_agent:macro_research_collector__run_macro_rese=succeeded ; run_agent:comparative_synthesis_agent__run_compara=succeeded ; skill_management:skill_management__enable_skill=succeeded ; run_agent:dashboard_generator_agent__run_dashboard=running
[R55] t+845s bytes=98462 agentMsgs=1 lastStatus=created
   AM#0 status=created contentLen=171 actions=run_agent:macro_research_collector__run_macro_rese=succeeded ; run_agent:comparative_synthesis_agent__run_compara=succeeded ; skill_management:skill_management__enable_skill=succeeded ; run_agent:dashboard_generator_agent__run_dashboard=running
[R56] t+861s bytes=98462 agentMsgs=1 lastStatus=created
   AM#0 status=created contentLen=171 actions=run_agent:macro_research_collector__run_macro_rese=succeeded ; run_agent:comparative_synthesis_agent__run_compara=succeeded ; skill_management:skill_management__enable_skill=succeeded ; run_agent:dashboard_generator_agent__run_dashboard=running
[R57] t+876s bytes=102951 agentMsgs=1 lastStatus=created
   AM#0 status=created contentLen=171 actions=run_agent:macro_research_collector__run_macro_rese=succeeded ; run_agent:comparative_synthesis_agent__run_compara=succeeded ; skill_management:skill_management__enable_skill=succeeded ; run_agent:dashboard_generator_agent__run_dashboard=succeeded
[R58] t+891s bytes=102951 agentMsgs=1 lastStatus=created
   AM#0 status=created contentLen=171 actions=run_agent:macro_research_collector__run_macro_rese=succeeded ; run_agent:comparative_synthesis_agent__run_compara=succeeded ; skill_management:skill_management__enable_skill=succeeded ; run_agent:dashboard_generator_agent__run_dashboard=succeeded
[R59] t+906s bytes=102951 agentMsgs=1 lastStatus=created
   AM#0 status=created contentLen=171 actions=run_agent:macro_research_collector__run_macro_rese=succeeded ; run_agent:comparative_synthesis_agent__run_compara=succeeded ; skill_management:skill_management__enable_skill=succeeded ; run_agent:dashboard_generator_agent__run_dashboard=succeeded
